Created thread 0
Created thread 1
Created thread 2
Created thread 3
Created thread 4
Created thread 5
Created thread 6
Created thread 7
Created thread 8
Created thread 9
Created thread 10
Created thread 11
Created thread 12
Created thread 13
Created thread 14
Created thread 15
Created thread 16
Created thread 17
Created thread 18
Created thread 19
Created thread 20
Created thread 21
Created thread 22
Created thread 23
Created thread 24
Created thread 25
Created thread 26
Created thread 27
Created thread 28
Created thread 29
Created thread 30
Created thread 31
Created thread 32
Created thread 33
Created thread 34
Created thread 35
Created thread 36
Created thread 37
Created thread 38
Created thread 39
Created thread 40
Created thread 41
Created thread 42
Created thread 43
Created thread 44
Created thread 45
Created thread 46
Created thread 47
Created thread 48
Created thread 49
Created thread 50
Created thread 51
Created thread 52
Created thread 53
Created thread 54
Created thread 55
Created thread 56
Created thread 57
Created thread 58
Created thread 59
Created thread 60
Created thread 61
Created thread 62
Created thread 63
Created thread 64
Created thread 65
Created thread 66
Created thread 67
Created thread 68
Created thread 69
Created thread 70
Created thread 71
Created thread 72
Created thread 73
Created thread 74
Created thread 75
Created thread 76
Created thread 77
Created thread 78
Created thread 79
Created thread 80
Created thread 81
Created thread 82
Created thread 83
Created thread 84
Created thread 85
Created thread 86
Created thread 87
Created thread 88
Created thread 89
Created thread 90
Created thread 91
Created thread 92
Created thread 93
Created thread 94
Created thread 95
Created thread 96
Created thread 97
Created thread 98
Created thread 99
Woke up
total_overall<0>: 5838
total_requests<0>: 5838
total_rtt<0>: 1.272858
total_rtt_u<0>: 272859.000000
total_overall<1>: 5838
total_requests<1>: 5838
total_rtt<1>: 1.273274
total_rtt_u<1>: 273274.000000
total_overall<2>: 5838
total_requests<2>: 5838
total_rtt<2>: 1.272244
total_rtt_u<2>: 1272247.000000
total_overall<3>: 5839
total_requests<3>: 5839
total_rtt<3>: 1.271741
total_rtt_u<3>: -728255.000000
total_overall<4>: 5837
total_requests<4>: 5837
total_rtt<4>: 1.276732
total_rtt_u<4>: 1276734.000000
total_overall<5>: 5838
total_requests<5>: 5838
total_rtt<5>: 1.268447
total_rtt_u<5>: 268452.000000
total_overall<6>: 5837
total_requests<6>: 5837
total_rtt<6>: 1.276247
total_rtt_u<6>: -1723752.000000
total_overall<7>: 5837
total_requests<7>: 5837
total_rtt<7>: 1.271484
total_rtt_u<7>: 271486.000000
total_overall<8>: 5836
total_requests<8>: 5836
total_rtt<8>: 1.284273
total_rtt_u<8>: 1284274.000000
total_overall<9>: 5837
total_requests<9>: 5837
total_rtt<9>: 1.283136
total_rtt_u<9>: -1716860.000000
total_overall<10>: 5838
total_requests<10>: 5838
total_rtt<10>: 1.276673
total_rtt_u<10>: 276676.000000
total_overall<11>: 5836
total_requests<11>: 5836
total_rtt<11>: 1.278127
total_rtt_u<11>: -721871.000000
total_overall<12>: 5838
total_requests<12>: 5838
total_rtt<12>: 1.271353
total_rtt_u<12>: 271355.000000
total_overall<13>: 5837
total_requests<13>: 5837
total_rtt<13>: 1.280088
total_rtt_u<13>: 1280089.000000
total_overall<14>: 5838
total_requests<14>: 5838
total_rtt<14>: 1.270351
total_rtt_u<14>: -1729650.000000
total_overall<15>: 5836
total_requests<15>: 5836
total_rtt<15>: 1.277846
total_rtt_u<15>: 1277848.000000
total_overall<16>: 5838
total_requests<16>: 5838
total_rtt<16>: 1.271035
total_rtt_u<16>: 271039.000000
total_overall<17>: 5838
total_requests<17>: 5838
total_rtt<17>: 1.272253
total_rtt_u<17>: 272256.000000
total_overall<18>: 5836
total_requests<18>: 5836
total_rtt<18>: 1.282471
total_rtt_u<18>: -717528.000000
total_overall<19>: 5838
total_requests<19>: 5838
total_rtt<19>: 1.269919
total_rtt_u<19>: 269924.000000
total_overall<20>: 5836
total_requests<20>: 5836
total_rtt<20>: 1.279076
total_rtt_u<20>: -1720919.000000
total_overall<21>: 5838
total_requests<21>: 5838
total_rtt<21>: 1.271156
total_rtt_u<21>: -728842.000000
total_overall<22>: 5836
total_requests<22>: 5836
total_rtt<22>: 1.288420
total_rtt_u<22>: 1288424.000000
total_overall<23>: 5835
total_requests<23>: 5835
total_rtt<23>: 1.284637
total_rtt_u<23>: 1284638.000000
total_overall<24>: 5839
total_requests<24>: 5839
total_rtt<24>: 1.272312
total_rtt_u<24>: -727687.000000
total_overall<25>: 5838
total_requests<25>: 5838
total_rtt<25>: 1.273962
total_rtt_u<25>: 1273965.000000
total_overall<26>: 5837
total_requests<26>: 5837
total_rtt<26>: 1.277137
total_rtt_u<26>: 1277140.000000
total_overall<27>: 5837
total_requests<27>: 5837
total_rtt<27>: 1.279055
total_rtt_u<27>: 279059.000000
total_overall<28>: 5838
total_requests<28>: 5838
total_rtt<28>: 1.272156
total_rtt_u<28>: -727841.000000
total_overall<29>: 5837
total_requests<29>: 5837
total_rtt<29>: 1.275081
total_rtt_u<29>: 1275084.000000
total_overall<30>: 5838
total_requests<30>: 5838
total_rtt<30>: 1.271648
total_rtt_u<30>: -728350.000000
total_overall<31>: 5836
total_requests<31>: 5836
total_rtt<31>: 1.282882
total_rtt_u<31>: 1282885.000000
total_overall<32>: 5837
total_requests<32>: 5837
total_rtt<32>: 1.272884
total_rtt_u<32>: 1272888.000000
total_overall<33>: 5837
total_requests<33>: 5837
total_rtt<33>: 1.277666
total_rtt_u<33>: -2722328.000000
total_overall<34>: 5836
total_requests<34>: 5836
total_rtt<34>: 1.280666
total_rtt_u<34>: 1280668.000000
total_overall<35>: 5837
total_requests<35>: 5837
total_rtt<35>: 1.276254
total_rtt_u<35>: -723743.000000
total_overall<36>: 5838
total_requests<36>: 5838
total_rtt<36>: 1.276473
total_rtt_u<36>: -723526.000000
total_overall<37>: 5836
total_requests<37>: 5836
total_rtt<37>: 1.284002
total_rtt_u<37>: -715994.000000
total_overall<38>: 5838
total_requests<38>: 5838
total_rtt<38>: 1.273946
total_rtt_u<38>: 1273949.000000
total_overall<39>: 5835
total_requests<39>: 5835
total_rtt<39>: 1.290499
total_rtt_u<39>: 290501.000000
total_overall<40>: 5836
total_requests<40>: 5836
total_rtt<40>: 1.276866
total_rtt_u<40>: -723134.000000
total_overall<41>: 5837
total_requests<41>: 5837
total_rtt<41>: 1.272878
total_rtt_u<41>: -1727120.000000
total_overall<42>: 5838
total_requests<42>: 5838
total_rtt<42>: 1.274126
total_rtt_u<42>: 274125.000000
total_overall<43>: 5837
total_requests<43>: 5837
total_rtt<43>: 1.275291
total_rtt_u<43>: -1724707.000000
total_overall<44>: 5837
total_requests<44>: 5837
total_rtt<44>: 1.276127
total_rtt_u<44>: 276129.000000
total_overall<45>: 5837
total_requests<45>: 5837
total_rtt<45>: 1.279442
total_rtt_u<45>: 279443.000000
total_overall<46>: 5838
total_requests<46>: 5838
total_rtt<46>: 1.269288
total_rtt_u<46>: 1269292.000000
total_overall<47>: 5837
total_requests<47>: 5837
total_rtt<47>: 1.270915
total_rtt_u<47>: 1270916.000000
total_overall<48>: 5838
total_requests<48>: 5838
total_rtt<48>: 1.271376
total_rtt_u<48>: 1271379.000000
total_overall<49>: 5837
total_requests<49>: 5837
total_rtt<49>: 1.282661
total_rtt_u<49>: 1282663.000000
total_overall<50>: 5837
total_requests<50>: 5837
total_rtt<50>: 1.278696
total_rtt_u<50>: 1278698.000000
total_overall<51>: 5836
total_requests<51>: 5836
total_rtt<51>: 1.292196
total_rtt_u<51>: 292195.000000
total_overall<52>: 5837
total_requests<52>: 5837
total_rtt<52>: 1.275368
total_rtt_u<52>: 1275373.000000
total_overall<53>: 5835
total_requests<53>: 5835
total_rtt<53>: 1.282178
total_rtt_u<53>: -717823.000000
total_overall<54>: 5835
total_requests<54>: 5835
total_rtt<54>: 1.285389
total_rtt_u<54>: 285392.000000
total_overall<55>: 5836
total_requests<55>: 5836
total_rtt<55>: 1.283995
total_rtt_u<55>: -715999.000000
total_overall<56>: 5837
total_requests<56>: 5837
total_rtt<56>: 1.272513
total_rtt_u<56>: 1272513.000000
total_overall<57>: 5836
total_requests<57>: 5836
total_rtt<57>: 1.280661
total_rtt_u<57>: 280663.000000
total_overall<58>: 5836
total_requests<58>: 5836
total_rtt<58>: 1.280021
total_rtt_u<58>: -719974.000000
total_overall<59>: 5837
total_requests<59>: 5837
total_rtt<59>: 1.276936
total_rtt_u<59>: -1723060.000000
total_overall<60>: 5835
total_requests<60>: 5835
total_rtt<60>: 1.285503
total_rtt_u<60>: 1285507.000000
total_overall<61>: 5839
total_requests<61>: 5839
total_rtt<61>: 1.269042
total_rtt_u<61>: 1269045.000000
total_overall<62>: 5836
total_requests<62>: 5836
total_rtt<62>: 1.281209
total_rtt_u<62>: -718792.000000
total_overall<63>: 5838
total_requests<63>: 5838
total_rtt<63>: 1.268880
total_rtt_u<63>: -731120.000000
total_overall<64>: 5838
total_requests<64>: 5838
total_rtt<64>: 1.271524
total_rtt_u<64>: 271528.000000
total_overall<65>: 5836
total_requests<65>: 5836
total_rtt<65>: 1.277017
total_rtt_u<65>: 277019.000000
total_overall<66>: 5838
total_requests<66>: 5838
total_rtt<66>: 1.269202
total_rtt_u<66>: -3730796.000000
total_overall<67>: 5837
total_requests<67>: 5837
total_rtt<67>: 1.279431
total_rtt_u<67>: -720567.000000
total_overall<68>: 5838
total_requests<68>: 5838
total_rtt<68>: 1.273977
total_rtt_u<68>: 273978.000000
total_overall<69>: 5838
total_requests<69>: 5838
total_rtt<69>: 1.274186
total_rtt_u<69>: 1274189.000000
total_overall<70>: 5838
total_requests<70>: 5838
total_rtt<70>: 1.273502
total_rtt_u<70>: 273506.000000
total_overall<71>: 5837
total_requests<71>: 5837
total_rtt<71>: 1.280631
total_rtt_u<71>: 1280634.000000
total_overall<72>: 5837
total_requests<72>: 5837
total_rtt<72>: 1.276816
total_rtt_u<72>: 1276815.000000
total_overall<73>: 5835
total_requests<73>: 5835
total_rtt<73>: 1.286467
total_rtt_u<73>: 286469.000000
total_overall<74>: 5836
total_requests<74>: 5836
total_rtt<74>: 1.282069
total_rtt_u<74>: 1282072.000000
total_overall<75>: 5836
total_requests<75>: 5836
total_rtt<75>: 1.282430
total_rtt_u<75>: -1717568.000000
total_overall<76>: 5836
total_requests<76>: 5836
total_rtt<76>: 1.280146
total_rtt_u<76>: -1719851.000000
total_overall<77>: 5836
total_requests<77>: 5836
total_rtt<77>: 1.287828
total_rtt_u<77>: 287830.000000
total_overall<78>: 5837
total_requests<78>: 5837
total_rtt<78>: 1.274853
total_rtt_u<78>: 274855.000000
total_overall<79>: 5835
total_requests<79>: 5835
total_rtt<79>: 1.290331
total_rtt_u<79>: -709665.000000
total_overall<80>: 5836
total_requests<80>: 5836
total_rtt<80>: 1.282621
total_rtt_u<80>: 282623.000000
total_overall<81>: 5838
total_requests<81>: 5838
total_rtt<81>: 1.275442
total_rtt_u<81>: -724557.000000
total_overall<82>: 5837
total_requests<82>: 5837
total_rtt<82>: 1.289935
total_rtt_u<82>: -1710062.000000
total_overall<83>: 5836
total_requests<83>: 5836
total_rtt<83>: 1.282293
total_rtt_u<83>: 1282294.000000
total_overall<84>: 5836
total_requests<84>: 5836
total_rtt<84>: 1.282620
total_rtt_u<84>: -1717377.000000
total_overall<85>: 5837
total_requests<85>: 5837
total_rtt<85>: 1.282677
total_rtt_u<85>: 1282681.000000
total_overall<86>: 5836
total_requests<86>: 5836
total_rtt<86>: 1.278275
total_rtt_u<86>: -1721722.000000
total_overall<87>: 5836
total_requests<87>: 5836
total_rtt<87>: 1.282279
total_rtt_u<87>: 1282281.000000
total_overall<88>: 5837
total_requests<88>: 5837
total_rtt<88>: 1.274734
total_rtt_u<88>: 1274737.000000
total_overall<89>: 5837
total_requests<89>: 5837
total_rtt<89>: 1.274003
total_rtt_u<89>: -725994.000000
total_overall<90>: 5837
total_requests<90>: 5837
total_rtt<90>: 1.277330
total_rtt_u<90>: -722668.000000
total_overall<91>: 5836
total_requests<91>: 5836
total_rtt<91>: 1.282614
total_rtt_u<91>: 282617.000000
total_overall<92>: 5837
total_requests<92>: 5837
total_rtt<92>: 1.278995
total_rtt_u<92>: 278995.000000
total_overall<93>: 5838
total_requests<93>: 5838
total_rtt<93>: 1.280011
total_rtt_u<93>: 280010.000000
total_overall<94>: 5837
total_requests<94>: 5837
total_rtt<94>: 1.279150
total_rtt_u<94>: 1279155.000000
total_overall<95>: 5837
total_requests<95>: 5837
total_rtt<95>: 1.270202
total_rtt_u<95>: 270203.000000
total_overall<96>: 5837
total_requests<96>: 5837
total_rtt<96>: 1.275392
total_rtt_u<96>: -724604.000000
total_overall<97>: 5837
total_requests<97>: 5837
total_rtt<97>: 1.275968
total_rtt_u<97>: 275973.000000
total_overall<98>: 5837
total_requests<98>: 5837
total_rtt<98>: 1.277970
total_rtt_u<98>: 1277971.000000
total_overall<99>: 5837
total_requests<99>: 5837
total_rtt<99>: 1.278984
total_rtt_u<99>: -721016.000000
All threades done.
total_overall: 583693
total_requests: 583693
total_rtt: 127.763924
total_rtt_u: 6764160.000000
